mode: set
github.com/benandjerrysapi/iceCreamHandlers.go:21.13,92.2 13 1
github.com/benandjerrysapi/iceCreamHandlers.go:95.74,97.2 1 0
github.com/benandjerrysapi/iceCreamHandlers.go:100.73,106.2 3 1
github.com/benandjerrysapi/iceCreamHandlers.go:109.110,118.19 3 1
github.com/benandjerrysapi/iceCreamHandlers.go:123.2,123.87 1 1
github.com/benandjerrysapi/iceCreamHandlers.go:118.19,121.3 2 1
github.com/benandjerrysapi/iceCreamHandlers.go:123.87,124.17 1 0
github.com/benandjerrysapi/iceCreamHandlers.go:128.3,128.36 1 0
github.com/benandjerrysapi/iceCreamHandlers.go:131.3,132.144 2 0
github.com/benandjerrysapi/iceCreamHandlers.go:124.17,127.4 1 0
github.com/benandjerrysapi/iceCreamHandlers.go:128.36,130.4 1 0
github.com/benandjerrysapi/iceCreamHandlers.go:134.8,140.3 5 1
github.com/benandjerrysapi/iceCreamHandlers.go:144.77,156.19 5 1
github.com/benandjerrysapi/iceCreamHandlers.go:161.2,161.88 1 1
github.com/benandjerrysapi/iceCreamHandlers.go:156.19,159.3 2 1
github.com/benandjerrysapi/iceCreamHandlers.go:161.88,162.17 1 1
github.com/benandjerrysapi/iceCreamHandlers.go:166.3,167.144 2 1
github.com/benandjerrysapi/iceCreamHandlers.go:162.17,165.4 1 1
github.com/benandjerrysapi/iceCreamHandlers.go:169.8,175.3 5 1
github.com/benandjerrysapi/iceCreamHandlers.go:179.76,184.45 3 1
github.com/benandjerrysapi/iceCreamHandlers.go:189.2,193.16 3 1
github.com/benandjerrysapi/iceCreamHandlers.go:201.2,203.25 2 1
github.com/benandjerrysapi/iceCreamHandlers.go:208.2,208.76 1 1
github.com/benandjerrysapi/iceCreamHandlers.go:184.45,187.3 1 0
github.com/benandjerrysapi/iceCreamHandlers.go:193.16,199.3 3 0
github.com/benandjerrysapi/iceCreamHandlers.go:203.25,206.3 2 1
github.com/benandjerrysapi/iceCreamHandlers.go:208.76,209.17 1 1
github.com/benandjerrysapi/iceCreamHandlers.go:213.3,214.144 2 1
github.com/benandjerrysapi/iceCreamHandlers.go:209.17,212.4 1 1
github.com/benandjerrysapi/iceCreamHandlers.go:216.8,221.3 4 1
github.com/benandjerrysapi/iceCreamHandlers.go:225.77,233.45 5 0
github.com/benandjerrysapi/iceCreamHandlers.go:238.2,244.16 4 0
github.com/benandjerrysapi/iceCreamHandlers.go:252.2,254.25 2 0
github.com/benandjerrysapi/iceCreamHandlers.go:259.2,259.76 1 0
github.com/benandjerrysapi/iceCreamHandlers.go:233.45,236.3 1 0
github.com/benandjerrysapi/iceCreamHandlers.go:244.16,250.3 3 0
github.com/benandjerrysapi/iceCreamHandlers.go:254.25,257.3 2 0
github.com/benandjerrysapi/iceCreamHandlers.go:259.76,261.17 2 0
github.com/benandjerrysapi/iceCreamHandlers.go:266.3,266.144 1 0
github.com/benandjerrysapi/iceCreamHandlers.go:261.17,264.4 1 0
github.com/benandjerrysapi/iceCreamHandlers.go:268.8,273.3 4 0
github.com/benandjerrysapi/iceCreamHandlers.go:277.77,281.95 3 0
github.com/benandjerrysapi/iceCreamHandlers.go:281.95,282.17 1 0
github.com/benandjerrysapi/iceCreamHandlers.go:286.3,287.144 2 0
github.com/benandjerrysapi/iceCreamHandlers.go:282.17,285.4 1 0
github.com/benandjerrysapi/iceCreamHandlers.go:289.8,293.36 4 0
github.com/benandjerrysapi/iceCreamHandlers.go:297.3,298.9 2 0
github.com/benandjerrysapi/iceCreamHandlers.go:293.36,296.4 2 0
github.com/benandjerrysapi/initialize.go:10.19,15.14 3 0
github.com/benandjerrysapi/initialize.go:19.2,19.14 1 0
github.com/benandjerrysapi/initialize.go:23.2,26.15 4 0
github.com/benandjerrysapi/initialize.go:15.14,17.3 1 0
github.com/benandjerrysapi/initialize.go:19.14,21.3 1 0
github.com/benandjerrysapi/main.go:22.13,30.12 5 0
github.com/benandjerrysapi/main.go:30.12,41.3 4 0
github.com/benandjerrysapi/main.go:41.8,45.3 1 0
github.com/benandjerrysapi/tokenHandlers.go:13.13,30.2 3 1
github.com/benandjerrysapi/tokenHandlers.go:33.70,38.103 3 0
github.com/benandjerrysapi/tokenHandlers.go:38.103,39.17 1 0
github.com/benandjerrysapi/tokenHandlers.go:43.3,43.144 1 0
github.com/benandjerrysapi/tokenHandlers.go:39.17,42.4 1 0
github.com/benandjerrysapi/tokenHandlers.go:45.8,48.3 2 0
