mode: set
github.com/benandjerrysapi/models/icecream.go:15.60,28.61 4 1
github.com/benandjerrysapi/models/icecream.go:31.2,31.13 1 1
github.com/benandjerrysapi/models/icecream.go:28.61,30.3 1 1
github.com/benandjerrysapi/models/icecream.go:58.53,79.61 4 1
github.com/benandjerrysapi/models/icecream.go:83.2,83.56 1 1
github.com/benandjerrysapi/models/icecream.go:87.2,87.63 1 1
github.com/benandjerrysapi/models/icecream.go:90.2,90.61 1 1
github.com/benandjerrysapi/models/icecream.go:94.2,94.63 1 1
github.com/benandjerrysapi/models/icecream.go:98.2,98.57 1 1
github.com/benandjerrysapi/models/icecream.go:102.2,102.66 1 1
github.com/benandjerrysapi/models/icecream.go:106.2,106.63 1 1
github.com/benandjerrysapi/models/icecream.go:110.2,110.63 1 1
github.com/benandjerrysapi/models/icecream.go:114.2,114.73 1 1
github.com/benandjerrysapi/models/icecream.go:119.2,119.13 1 1
github.com/benandjerrysapi/models/icecream.go:79.61,81.3 1 0
github.com/benandjerrysapi/models/icecream.go:83.56,85.3 1 1
github.com/benandjerrysapi/models/icecream.go:87.63,89.3 1 1
github.com/benandjerrysapi/models/icecream.go:90.61,93.3 1 1
github.com/benandjerrysapi/models/icecream.go:94.63,97.3 1 1
github.com/benandjerrysapi/models/icecream.go:98.57,101.3 1 1
github.com/benandjerrysapi/models/icecream.go:102.66,105.3 1 1
github.com/benandjerrysapi/models/icecream.go:106.63,109.3 1 1
github.com/benandjerrysapi/models/icecream.go:110.63,113.3 1 1
github.com/benandjerrysapi/models/icecream.go:114.73,117.3 1 1
github.com/benandjerrysapi/models/statusMessages.go:15.45,17.2 1 0
github.com/benandjerrysapi/models/validationmessages.go:53.55,54.64 1 1
github.com/benandjerrysapi/models/validationmessages.go:57.2,57.40 1 1
github.com/benandjerrysapi/models/validationmessages.go:61.2,62.57 1 1
github.com/benandjerrysapi/models/validationmessages.go:65.2,65.11 1 1
github.com/benandjerrysapi/models/validationmessages.go:54.64,56.3 1 1
github.com/benandjerrysapi/models/validationmessages.go:57.40,59.3 1 1
github.com/benandjerrysapi/models/validationmessages.go:62.57,64.3 1 1
github.com/benandjerrysapi/models/validationmessages.go:69.57,74.46 4 1
github.com/benandjerrysapi/models/validationmessages.go:77.2,77.11 1 0
github.com/benandjerrysapi/models/validationmessages.go:74.46,76.3 1 1
github.com/benandjerrysapi/models/validationmessages.go:81.55,85.70 4 1
github.com/benandjerrysapi/models/validationmessages.go:88.2,88.11 1 0
github.com/benandjerrysapi/models/validationmessages.go:85.70,87.3 1 1
github.com/benandjerrysapi/models/validationmessages.go:92.50,93.24 1 1
github.com/benandjerrysapi/models/validationmessages.go:96.2,96.11 1 0
github.com/benandjerrysapi/models/validationmessages.go:93.24,95.3 1 1
github.com/benandjerrysapi/models/validationmessages.go:100.57,101.31 1 1
github.com/benandjerrysapi/models/validationmessages.go:104.2,104.11 1 0
github.com/benandjerrysapi/models/validationmessages.go:101.31,103.3 1 1
github.com/benandjerrysapi/models/validationmessages.go:108.51,109.25 1 1
github.com/benandjerrysapi/models/validationmessages.go:112.2,112.11 1 0
github.com/benandjerrysapi/models/validationmessages.go:109.25,111.3 1 1
github.com/benandjerrysapi/models/validationmessages.go:116.60,117.38 1 1
github.com/benandjerrysapi/models/validationmessages.go:122.2,122.11 1 0
github.com/benandjerrysapi/models/validationmessages.go:117.38,118.21 1 1
github.com/benandjerrysapi/models/validationmessages.go:118.21,120.4 1 1
github.com/benandjerrysapi/models/validationmessages.go:126.57,127.35 1 1
github.com/benandjerrysapi/models/validationmessages.go:132.2,132.11 1 0
github.com/benandjerrysapi/models/validationmessages.go:127.35,128.21 1 1
github.com/benandjerrysapi/models/validationmessages.go:128.21,130.4 1 1
github.com/benandjerrysapi/models/validationmessages.go:136.57,137.31 1 1
github.com/benandjerrysapi/models/validationmessages.go:140.2,140.11 1 0
github.com/benandjerrysapi/models/validationmessages.go:137.31,139.3 1 1
github.com/benandjerrysapi/models/validationmessages.go:144.67,145.41 1 1
github.com/benandjerrysapi/models/validationmessages.go:148.2,148.11 1 0
github.com/benandjerrysapi/models/validationmessages.go:145.41,147.3 1 1
